<?xml version="1.0" encoding="UTF-8"?>
<testsuite xmlns:xsi="http://www.w3.org/2001/XMLSchema-instance" xsi:noNamespaceSchemaLocation="https://maven.apache.org/surefire/maven-surefire-plugin/xsd/surefire-test-report.xsd" name="com.ffanonline.testing.BasicTest" time="0.563" tests="4" errors="0" skipped="0" failures="0">
  <properties>
[...]
</properties>
  <testcase name="testArrayField" classname="com.ffanonline.testing.BasicTest" time="0.343"/>
  <testcase name="testBasicTypes" classname="com.ffanonline.testing.BasicTest" time="0"/>
  <testcase name="test01" classname="com.ffanonline.testing.BasicTest" time="0"/>
  <testcase name="testGenerateObjectJsonWithProperties" classname="com.ffanonline.testing.BasicTest" time="0.016"/>
</testsuite>